<?xml version="1.0" encoding="UTF-8"?>
<testsuite name="com.csc.DishTest" tests="6" skipped="0" failures="0" errors="0" timestamp="2024-11-17T19:45:35" hostname="Dakotas-Laptop.local" time="0.024">
  <properties/>
  <testcase name="testPushAndSize()" classname="com.csc.DishTest" time="0.012"/>
  <testcase name="testPop()" classname="com.csc.DishTest" time="0.002"/>
  <testcase name="testPeek()" classname="com.csc.DishTest" time="0.001"/>
  <testcase name="testPeekEmptyStack()" classname="com.csc.DishTest" time="0.003"/>
  <testcase name="testPushWhenFull()" classname="com.csc.DishTest" time="0.001"/>
  <testcase name="testPopEmptyStack()" classname="com.csc.DishTest" time="0.001"/>
  <system-out><![CDATA[Stack is empty! Cannot peek.
Stack is full! Cannot push the dish.
Stack is empty! Cannot pop a dish.
]]></system-out>
  <system-err><![CDATA[]]></system-err>
</testsuite>
